<?xml version="1.0" encoding="UTF-8"?>
<coverage generated="1777481683593" clover="3.2.0">
  <project timestamp="1777481683594" name="All files">
    <metrics statements="92" coveredstatements="67" conditionals="12" coveredconditionals="6" methods="38" coveredmethods="21" elements="142" coveredelements="94" complexity="0" loc="92" ncloc="92" packages="2" files="12" classes="12"/>
    <package name="Component">
      <metrics statements="74" coveredstatements="57" conditionals="10" coveredconditionals="6" methods="31" coveredmethods="19"/>
      <file name="Cart.js" path="C:\Users\zaidm\OneDrive\Desktop\All-Pojects\Food-App\src\Component\Cart.js">
        <metrics statements="32" coveredstatements="20" conditionals="6" coveredconditionals="5" methods="13" coveredmethods="4"/>
        <line num="11" count="2" type="stmt"/>
        <line num="12" count="1" type="stmt"/>
        <line num="13" count="1" type="stmt"/>
        <line num="14" count="1" type="stmt"/>
        <line num="17" count="0" type="stmt"/>
        <line num="21" count="1" type="stmt"/>
        <line num="53" count="0" type="stmt"/>
        <line num="67" count="2" type="stmt"/>
        <line num="69" count="2" type="stmt"/>
        <line num="70" count="3" type="stmt"/>
        <line num="71" count="3" type="stmt"/>
        <line num="72" count="3" type="stmt"/>
        <line num="73" count="3" type="stmt"/>
        <line num="75" count="3" type="stmt"/>
        <line num="76" count="2" type="cond" truecount="2" falsecount="0"/>
        <line num="77" count="1" type="stmt"/>
        <line num="78" count="1" type="stmt"/>
        <line num="82" count="3" type="stmt"/>
        <line num="83" count="0" type="stmt"/>
        <line num="84" count="0" type="stmt"/>
        <line num="86" count="0" type="stmt"/>
        <line num="89" count="3" type="stmt"/>
        <line num="90" count="0" type="stmt"/>
        <line num="91" count="0" type="stmt"/>
        <line num="93" count="0" type="stmt"/>
        <line num="96" count="3" type="stmt"/>
        <line num="97" count="0" type="stmt"/>
        <line num="98" count="0" type="stmt"/>
        <line num="100" count="0" type="stmt"/>
        <line num="106" count="3" type="stmt"/>
        <line num="133" count="0" type="stmt"/>
        <line num="150" count="1" type="stmt"/>
      </file>
      <file name="Cartwithdifficulty.js" path="C:\Users\zaidm\OneDrive\Desktop\All-Pojects\Food-App\src\Component\Cartwithdifficulty.js">
        <metrics statements="4" coveredstatements="4" conditionals="0" coveredconditionals="0" methods="2" coveredmethods="2"/>
        <line num="1" count="2" type="stmt"/>
        <line num="2" count="2" type="stmt"/>
        <line num="3" count="1" type="stmt"/>
        <line num="12" count="2" type="stmt"/>
      </file>
      <file name="Contact.js" path="C:\Users\zaidm\OneDrive\Desktop\All-Pojects\Food-App\src\Component\Contact.js">
        <metrics statements="14" coveredstatements="13" conditionals="0" coveredconditionals="0" methods="6" coveredmethods="5"/>
        <line num="6" count="5" type="stmt"/>
        <line num="7" count="4" type="stmt"/>
        <line num="14" count="4" type="stmt"/>
        <line num="15" count="4" type="stmt"/>
        <line num="16" count="4" type="stmt"/>
        <line num="17" count="4" type="stmt"/>
        <line num="21" count="4" type="stmt"/>
        <line num="22" count="4" type="stmt"/>
        <line num="23" count="0" type="stmt"/>
        <line num="25" count="4" type="stmt"/>
        <line num="28" count="4" type="stmt"/>
        <line num="32" count="4" type="stmt"/>
        <line num="33" count="4" type="stmt"/>
        <line num="34" count="4" type="stmt"/>
      </file>
      <file name="Header.js" path="C:\Users\zaidm\OneDrive\Desktop\All-Pojects\Food-App\src\Component\Header.js">
        <metrics statements="10" coveredstatements="6" conditionals="4" coveredconditionals="1" methods="4" coveredmethods="2"/>
        <line num="7" count="1" type="stmt"/>
        <line num="9" count="2" type="stmt"/>
        <line num="10" count="2" type="stmt"/>
        <line num="11" count="2" type="stmt"/>
        <line num="12" count="0" type="cond" truecount="0" falsecount="2"/>
        <line num="13" count="0" type="stmt"/>
        <line num="15" count="0" type="stmt"/>
        <line num="19" count="4" type="stmt"/>
        <line num="22" count="2" type="stmt"/>
        <line num="44" count="0" type="stmt"/>
      </file>
      <file name="Shimmer.js" path="C:\Users\zaidm\OneDrive\Desktop\All-Pojects\Food-App\src\Component\Shimmer.js">
        <metrics statements="2" coveredstatements="2" conditionals="0" coveredconditionals="0" methods="2" coveredmethods="2"/>
        <line num="4" count="2" type="stmt"/>
        <line num="7" count="20" type="stmt"/>
      </file>
      <file name="Usercontext.js" path="C:\Users\zaidm\OneDrive\Desktop\All-Pojects\Food-App\src\Component\Usercontext.js">
        <metrics statements="1" coveredstatements="1" conditionals="0" coveredconditionals="0" methods="0" coveredmethods="0"/>
        <line num="3" count="2" type="stmt"/>
      </file>
      <file name="sum.js" path="C:\Users\zaidm\OneDrive\Desktop\All-Pojects\Food-App\src\Component\sum.js">
        <metrics statements="2" coveredstatements="2" conditionals="0" coveredconditionals="0" methods="1" coveredmethods="1"/>
        <line num="1" count="1" type="stmt"/>
        <line num="2" count="1" type="stmt"/>
      </file>
      <file name="useRecipes.js" path="C:\Users\zaidm\OneDrive\Desktop\All-Pojects\Food-App\src\Component\useRecipes.js">
        <metrics statements="9" coveredstatements="9" conditionals="0" coveredconditionals="0" methods="3" coveredmethods="3"/>
        <line num="3" count="1" type="stmt"/>
        <line num="4" count="1" type="stmt"/>
        <line num="6" count="1" type="stmt"/>
        <line num="7" count="1" type="stmt"/>
        <line num="8" count="1" type="stmt"/>
        <line num="9" count="1" type="stmt"/>
        <line num="10" count="1" type="stmt"/>
        <line num="12" count="1" type="stmt"/>
        <line num="15" count="1" type="stmt"/>
      </file>
    </package>
    <package name="utils">
      <metrics statements="18" coveredstatements="10" conditionals="2" coveredconditionals="0" methods="7" coveredmethods="2"/>
      <file name="Constants.js" path="C:\Users\zaidm\OneDrive\Desktop\All-Pojects\Food-App\src\utils\Constants.js">
        <metrics statements="1" coveredstatements="1" conditionals="0" coveredconditionals="0" methods="0" coveredmethods="0"/>
        <line num="1" count="1" type="stmt"/>
      </file>
      <file name="Store.js" path="C:\Users\zaidm\OneDrive\Desktop\All-Pojects\Food-App\src\utils\Store.js">
        <metrics statements="1" coveredstatements="1" conditionals="0" coveredconditionals="0" methods="0" coveredmethods="0"/>
        <line num="3" count="2" type="stmt"/>
      </file>
      <file name="cartSlice.js" path="C:\Users\zaidm\OneDrive\Desktop\All-Pojects\Food-App\src\utils\cartSlice.js">
        <metrics statements="8" coveredstatements="2" conditionals="2" coveredconditionals="0" methods="3" coveredmethods="0"/>
        <line num="3" count="3" type="stmt"/>
        <line num="10" count="0" type="stmt"/>
        <line num="13" count="0" type="cond" truecount="0" falsecount="2"/>
        <line num="14" count="0" type="stmt"/>
        <line num="15" count="0" type="stmt"/>
        <line num="18" count="0" type="stmt"/>
        <line num="21" count="0" type="stmt"/>
        <line num="26" count="3" type="stmt"/>
      </file>
      <file name="useOnline.js" path="C:\Users\zaidm\OneDrive\Desktop\All-Pojects\Food-App\src\utils\useOnline.js">
        <metrics statements="8" coveredstatements="6" conditionals="0" coveredconditionals="0" methods="4" coveredmethods="2"/>
        <line num="3" count="1" type="stmt"/>
        <line num="4" count="2" type="stmt"/>
        <line num="5" count="2" type="stmt"/>
        <line num="6" count="2" type="stmt"/>
        <line num="7" count="0" type="stmt"/>
        <line num="9" count="2" type="stmt"/>
        <line num="10" count="0" type="stmt"/>
        <line num="13" count="2" type="stmt"/>
      </file>
    </package>
  </project>
</coverage>
