<?xml version="1.0" encoding="UTF-8"?>
<coverage generated="1778568836689" clover="3.2.0">
  <project timestamp="1778568836689" name="All files">
    <metrics statements="99" coveredstatements="75" conditionals="16" coveredconditionals="8" methods="41" coveredmethods="24" elements="156" coveredelements="107" complexity="0" loc="99" ncloc="99" packages="2" files="12" classes="12"/>
    <package name="Component">
      <metrics statements="75" coveredstatements="62" conditionals="10" coveredconditionals="7" methods="31" coveredmethods="21"/>
      <file name="Cart.js" path="C:\Users\zaidm\OneDrive\Desktop\All-Pojects\Food-App\src\Component\Cart.js">
        <metrics statements="35" coveredstatements="25" conditionals="6" coveredconditionals="6" methods="13" coveredmethods="6"/>
        <line num="11" count="3" type="stmt"/>
        <line num="13" count="31" type="stmt"/>
        <line num="15" count="31" type="stmt"/>
        <line num="16" count="31" type="stmt"/>
        <line num="17" count="31" type="stmt"/>
        <line num="19" count="31" type="stmt"/>
        <line num="20" count="1" type="stmt"/>
        <line num="21" count="1" type="stmt"/>
        <line num="24" count="31" type="stmt"/>
        <line num="62" count="1" type="stmt"/>
        <line num="79" count="3" type="stmt"/>
        <line num="83" count="3" type="stmt"/>
        <line num="85" count="6" type="stmt"/>
        <line num="86" count="6" type="stmt"/>
        <line num="87" count="6" type="stmt"/>
        <line num="89" count="6" type="stmt"/>
        <line num="92" count="6" type="stmt"/>
        <line num="93" count="4" type="cond" truecount="2" falsecount="0"/>
        <line num="94" count="2" type="stmt"/>
        <line num="95" count="2" type="stmt"/>
        <line num="100" count="6" type="stmt"/>
        <line num="101" count="0" type="stmt"/>
        <line num="102" count="0" type="stmt"/>
        <line num="104" count="0" type="stmt"/>
        <line num="108" count="6" type="stmt"/>
        <line num="109" count="0" type="stmt"/>
        <line num="110" count="0" type="stmt"/>
        <line num="112" count="0" type="stmt"/>
        <line num="116" count="6" type="stmt"/>
        <line num="117" count="0" type="stmt"/>
        <line num="118" count="0" type="stmt"/>
        <line num="120" count="0" type="stmt"/>
        <line num="123" count="6" type="stmt"/>
        <line num="150" count="0" type="stmt"/>
        <line num="168" count="31" type="stmt"/>
      </file>
      <file name="Cartwithdifficulty.js" path="C:\Users\zaidm\OneDrive\Desktop\All-Pojects\Food-App\src\Component\Cartwithdifficulty.js">
        <metrics statements="4" coveredstatements="4" conditionals="0" coveredconditionals="0" methods="2" coveredmethods="2"/>
        <line num="1" count="3" type="stmt"/>
        <line num="2" count="3" type="stmt"/>
        <line num="3" count="31" type="stmt"/>
        <line num="12" count="3" type="stmt"/>
      </file>
      <file name="Contact.js" path="C:\Users\zaidm\OneDrive\Desktop\All-Pojects\Food-App\src\Component\Contact.js">
        <metrics statements="14" coveredstatements="13" conditionals="0" coveredconditionals="0" methods="6" coveredmethods="5"/>
        <line num="6" count="5" type="stmt"/>
        <line num="7" count="4" type="stmt"/>
        <line num="14" count="4" type="stmt"/>
        <line num="15" count="4" type="stmt"/>
        <line num="16" count="4" type="stmt"/>
        <line num="17" count="4" type="stmt"/>
        <line num="21" count="4" type="stmt"/>
        <line num="22" count="4" type="stmt"/>
        <line num="23" count="0" type="stmt"/>
        <line num="25" count="4" type="stmt"/>
        <line num="28" count="4" type="stmt"/>
        <line num="32" count="4" type="stmt"/>
        <line num="33" count="4" type="stmt"/>
        <line num="34" count="4" type="stmt"/>
      </file>
      <file name="Header.js" path="C:\Users\zaidm\OneDrive\Desktop\All-Pojects\Food-App\src\Component\Header.js">
        <metrics statements="8" coveredstatements="6" conditionals="4" coveredconditionals="1" methods="4" coveredmethods="2"/>
        <line num="7" count="2" type="stmt"/>
        <line num="9" count="4" type="stmt"/>
        <line num="10" count="4" type="stmt"/>
        <line num="12" count="4" type="stmt"/>
        <line num="13" count="0" type="cond" truecount="0" falsecount="2"/>
        <line num="17" count="8" type="stmt"/>
        <line num="19" count="4" type="stmt"/>
        <line num="58" count="0" type="stmt"/>
      </file>
      <file name="Shimmer.js" path="C:\Users\zaidm\OneDrive\Desktop\All-Pojects\Food-App\src\Component\Shimmer.js">
        <metrics statements="2" coveredstatements="2" conditionals="0" coveredconditionals="0" methods="2" coveredmethods="2"/>
        <line num="4" count="4" type="stmt"/>
        <line num="7" count="40" type="stmt"/>
      </file>
      <file name="Usercontext.js" path="C:\Users\zaidm\OneDrive\Desktop\All-Pojects\Food-App\src\Component\Usercontext.js">
        <metrics statements="1" coveredstatements="1" conditionals="0" coveredconditionals="0" methods="0" coveredmethods="0"/>
        <line num="3" count="3" type="stmt"/>
      </file>
      <file name="sum.js" path="C:\Users\zaidm\OneDrive\Desktop\All-Pojects\Food-App\src\Component\sum.js">
        <metrics statements="2" coveredstatements="2" conditionals="0" coveredconditionals="0" methods="1" coveredmethods="1"/>
        <line num="1" count="1" type="stmt"/>
        <line num="2" count="1" type="stmt"/>
      </file>
      <file name="useRecipes.js" path="C:\Users\zaidm\OneDrive\Desktop\All-Pojects\Food-App\src\Component\useRecipes.js">
        <metrics statements="9" coveredstatements="9" conditionals="0" coveredconditionals="0" methods="3" coveredmethods="3"/>
        <line num="3" count="2" type="stmt"/>
        <line num="4" count="4" type="stmt"/>
        <line num="6" count="4" type="stmt"/>
        <line num="7" count="2" type="stmt"/>
        <line num="8" count="2" type="stmt"/>
        <line num="9" count="2" type="stmt"/>
        <line num="10" count="2" type="stmt"/>
        <line num="12" count="2" type="stmt"/>
        <line num="15" count="4" type="stmt"/>
      </file>
    </package>
    <package name="utils">
      <metrics statements="24" coveredstatements="13" conditionals="6" coveredconditionals="1" methods="10" coveredmethods="3"/>
      <file name="Constants.js" path="C:\Users\zaidm\OneDrive\Desktop\All-Pojects\Food-App\src\utils\Constants.js">
        <metrics statements="1" coveredstatements="1" conditionals="0" coveredconditionals="0" methods="0" coveredmethods="0"/>
        <line num="1" count="2" type="stmt"/>
      </file>
      <file name="Store.js" path="C:\Users\zaidm\OneDrive\Desktop\All-Pojects\Food-App\src\utils\Store.js">
        <metrics statements="1" coveredstatements="1" conditionals="0" coveredconditionals="0" methods="0" coveredmethods="0"/>
        <line num="3" count="3" type="stmt"/>
      </file>
      <file name="cartSlice.js" path="C:\Users\zaidm\OneDrive\Desktop\All-Pojects\Food-App\src\utils\cartSlice.js">
        <metrics statements="14" coveredstatements="5" conditionals="6" coveredconditionals="1" methods="6" coveredmethods="1"/>
        <line num="3" count="4" type="stmt"/>
        <line num="14" count="1" type="stmt"/>
        <line num="15" count="0" type="stmt"/>
        <line num="18" count="1" type="cond" truecount="1" falsecount="1"/>
        <line num="19" count="0" type="stmt"/>
        <line num="21" count="1" type="stmt"/>
        <line num="27" count="0" type="stmt"/>
        <line num="28" count="0" type="stmt"/>
        <line num="31" count="0" type="cond" truecount="0" falsecount="4"/>
        <line num="32" count="0" type="stmt"/>
        <line num="34" count="0" type="stmt"/>
        <line num="35" count="0" type="stmt"/>
        <line num="42" count="0" type="stmt"/>
        <line num="48" count="4" type="stmt"/>
      </file>
      <file name="useOnline.js" path="C:\Users\zaidm\OneDrive\Desktop\All-Pojects\Food-App\src\utils\useOnline.js">
        <metrics statements="8" coveredstatements="6" conditionals="0" coveredconditionals="0" methods="4" coveredmethods="2"/>
        <line num="3" count="2" type="stmt"/>
        <line num="4" count="4" type="stmt"/>
        <line num="5" count="4" type="stmt"/>
        <line num="6" count="3" type="stmt"/>
        <line num="7" count="0" type="stmt"/>
        <line num="9" count="3" type="stmt"/>
        <line num="10" count="0" type="stmt"/>
        <line num="13" count="4" type="stmt"/>
      </file>
    </package>
  </project>
</coverage>
