{"C:\\Users\\zaidm\\OneDrive\\Desktop\\All-Pojects\\Food-App\\src\\Component\\Cart.js": {"path":"C:\\Users\\zaidm\\OneDrive\\Desktop\\All-Pojects\\Food-App\\src\\Component\\Cart.js","statementMap":{"0":{"start":{"line":11,"column":20},"end":{"line":75,"column":1}},"1":{"start":{"line":13,"column":67},"end":{"line":13,"column":71}},"2":{"start":{"line":15,"column":20},"end":{"line":15,"column":57}},"3":{"start":{"line":16,"column":22},"end":{"line":16,"column":45}},"4":{"start":{"line":17,"column":19},"end":{"line":17,"column":32}},"5":{"start":{"line":19,"column":22},"end":{"line":22,"column":3}},"6":{"start":{"line":20,"column":4},"end":{"line":20,"column":28}},"7":{"start":{"line":21,"column":4},"end":{"line":21,"column":37}},"8":{"start":{"line":24,"column":2},"end":{"line":74,"column":4}},"9":{"start":{"line":62,"column":27},"end":{"line":62,"column":44}},"10":{"start":{"line":79,"column":27},"end":{"line":79,"column":58}},"11":{"start":{"line":83,"column":13},"end":{"line":179,"column":1}},"12":{"start":{"line":85,"column":34},"end":{"line":85,"column":46}},"13":{"start":{"line":86,"column":44},"end":{"line":86,"column":56}},"14":{"start":{"line":87,"column":36},"end":{"line":87,"column":48}},"15":{"start":{"line":89,"column":19},"end":{"line":89,"column":30}},"16":{"start":{"line":92,"column":2},"end":{"line":97,"column":17}},"17":{"start":{"line":93,"column":4},"end":{"line":96,"column":5}},"18":{"start":{"line":94,"column":6},"end":{"line":94,"column":36}},"19":{"start":{"line":95,"column":6},"end":{"line":95,"column":41}},"20":{"start":{"line":100,"column":23},"end":{"line":105,"column":3}},"21":{"start":{"line":101,"column":21},"end":{"line":103,"column":5}},"22":{"start":{"line":102,"column":13},"end":{"line":102,"column":28}},"23":{"start":{"line":104,"column":4},"end":{"line":104,"column":26}},"24":{"start":{"line":108,"column":20},"end":{"line":113,"column":3}},"25":{"start":{"line":109,"column":21},"end":{"line":111,"column":5}},"26":{"start":{"line":110,"column":13},"end":{"line":110,"column":40}},"27":{"start":{"line":112,"column":4},"end":{"line":112,"column":26}},"28":{"start":{"line":116,"column":21},"end":{"line":121,"column":3}},"29":{"start":{"line":117,"column":21},"end":{"line":119,"column":5}},"30":{"start":{"line":118,"column":6},"end":{"line":118,"column":60}},"31":{"start":{"line":120,"column":4},"end":{"line":120,"column":26}},"32":{"start":{"line":123,"column":2},"end":{"line":178,"column":4}},"33":{"start":{"line":150,"column":27},"end":{"line":150,"column":55}},"34":{"start":{"line":168,"column":12},"end":{"line":173,"column":19}}},"fnMap":{"0":{"name":"(anonymous_0)","decl":{"start":{"line":11,"column":20},"end":{"line":11,"column":21}},"loc":{"start":{"line":11,"column":34},"end":{"line":75,"column":1}},"line":11},"1":{"name":"(anonymous_1)","decl":{"start":{"line":19,"column":22},"end":{"line":19,"column":23}},"loc":{"start":{"line":19,"column":32},"end":{"line":22,"column":3}},"line":19},"2":{"name":"(anonymous_2)","decl":{"start":{"line":62,"column":21},"end":{"line":62,"column":22}},"loc":{"start":{"line":62,"column":27},"end":{"line":62,"column":44}},"line":62},"3":{"name":"(anonymous_3)","decl":{"start":{"line":83,"column":13},"end":{"line":83,"column":14}},"loc":{"start":{"line":83,"column":19},"end":{"line":179,"column":1}},"line":83},"4":{"name":"(anonymous_4)","decl":{"start":{"line":92,"column":12},"end":{"line":92,"column":13}},"loc":{"start":{"line":92,"column":18},"end":{"line":97,"column":3}},"line":92},"5":{"name":"(anonymous_5)","decl":{"start":{"line":100,"column":23},"end":{"line":100,"column":24}},"loc":{"start":{"line":100,"column":29},"end":{"line":105,"column":3}},"line":100},"6":{"name":"(anonymous_6)","decl":{"start":{"line":102,"column":6},"end":{"line":102,"column":7}},"loc":{"start":{"line":102,"column":13},"end":{"line":102,"column":28}},"line":102},"7":{"name":"(anonymous_7)","decl":{"start":{"line":108,"column":20},"end":{"line":108,"column":21}},"loc":{"start":{"line":108,"column":26},"end":{"line":113,"column":3}},"line":108},"8":{"name":"(anonymous_8)","decl":{"start":{"line":110,"column":6},"end":{"line":110,"column":7}},"loc":{"start":{"line":110,"column":13},"end":{"line":110,"column":40}},"line":110},"9":{"name":"(anonymous_9)","decl":{"start":{"line":116,"column":21},"end":{"line":116,"column":22}},"loc":{"start":{"line":116,"column":27},"end":{"line":121,"column":3}},"line":116},"10":{"name":"(anonymous_10)","decl":{"start":{"line":117,"column":42},"end":{"line":117,"column":43}},"loc":{"start":{"line":118,"column":6},"end":{"line":118,"column":60}},"line":118},"11":{"name":"(anonymous_11)","decl":{"start":{"line":150,"column":20},"end":{"line":150,"column":21}},"loc":{"start":{"line":150,"column":27},"end":{"line":150,"column":55}},"line":150},"12":{"name":"(anonymous_12)","decl":{"start":{"line":167,"column":24},"end":{"line":167,"column":25}},"loc":{"start":{"line":168,"column":12},"end":{"line":173,"column":19}},"line":168}},"branchMap":{"0":{"loc":{"start":{"line":39,"column":11},"end":{"line":39,"column":46}},"type":"binary-expr","locations":[{"start":{"line":39,"column":11},"end":{"line":39,"column":37}},{"start":{"line":39,"column":41},"end":{"line":39,"column":46}}],"line":39},"1":{"loc":{"start":{"line":93,"column":4},"end":{"line":96,"column":5}},"type":"if","locations":[{"start":{"line":93,"column":4},"end":{"line":96,"column":5}},{"start":{},"end":{}}],"line":93},"2":{"loc":{"start":{"line":163,"column":7},"end":{"line":176,"column":7}},"type":"cond-expr","locations":[{"start":{"line":164,"column":8},"end":{"line":164,"column":19}},{"start":{"line":166,"column":8},"end":{"line":175,"column":14}}],"line":163}},"s":{"0":3,"1":31,"2":31,"3":31,"4":31,"5":31,"6":1,"7":1,"8":31,"9":1,"10":3,"11":3,"12":6,"13":6,"14":6,"15":6,"16":6,"17":4,"18":2,"19":2,"20":6,"21":0,"22":0,"23":0,"24":6,"25":0,"26":0,"27":0,"28":6,"29":0,"30":0,"31":0,"32":6,"33":0,"34":31},"f":{"0":31,"1":1,"2":1,"3":6,"4":4,"5":0,"6":0,"7":0,"8":0,"9":0,"10":0,"11":0,"12":31},"b":{"0":[31,6],"1":[2,2],"2":[4,2]},"_coverageSchema":"1a1c01bbd47fc00a2c39e90264f33305004495a9","hash":"b2862dd505d44f51130490855f99ed0da197120f"}
,"C:\\Users\\zaidm\\OneDrive\\Desktop\\All-Pojects\\Food-App\\src\\Component\\Cartwithdifficulty.js": {"path":"C:\\Users\\zaidm\\OneDrive\\Desktop\\All-Pojects\\Food-App\\src\\Component\\Cartwithdifficulty.js","statementMap":{"0":{"start":{"line":1,"column":27},"end":{"line":13,"column":1}},"1":{"start":{"line":2,"column":36},"end":{"line":11,"column":5}},"2":{"start":{"line":3,"column":8},"end":{"line":10,"column":9}},"3":{"start":{"line":12,"column":4},"end":{"line":12,"column":35}}},"fnMap":{"0":{"name":"(anonymous_0)","decl":{"start":{"line":1,"column":27},"end":{"line":1,"column":28}},"loc":{"start":{"line":1,"column":37},"end":{"line":13,"column":1}},"line":1},"1":{"name":"(anonymous_1)","decl":{"start":{"line":2,"column":36},"end":{"line":2,"column":37}},"loc":{"start":{"line":2,"column":47},"end":{"line":11,"column":5}},"line":2}},"branchMap":{},"s":{"0":3,"1":3,"2":31,"3":3},"f":{"0":3,"1":31},"b":{},"_coverageSchema":"1a1c01bbd47fc00a2c39e90264f33305004495a9","hash":"0ce7a2e8482917fc0fa93a5c90a7237b3a64fbd2"}
,"C:\\Users\\zaidm\\OneDrive\\Desktop\\All-Pojects\\Food-App\\src\\Component\\Contact.js": {"path":"C:\\Users\\zaidm\\OneDrive\\Desktop\\All-Pojects\\Food-App\\src\\Component\\Contact.js","statementMap":{"0":{"start":{"line":6,"column":8},"end":{"line":6,"column":20}},"1":{"start":{"line":7,"column":8},"end":{"line":9,"column":9}},"2":{"start":{"line":14,"column":24},"end":{"line":20,"column":9}},"3":{"start":{"line":15,"column":30},"end":{"line":15,"column":81}},"4":{"start":{"line":16,"column":29},"end":{"line":16,"column":51}},"5":{"start":{"line":17,"column":12},"end":{"line":17,"column":45}},"6":{"start":{"line":21,"column":16},"end":{"line":21,"column":17}},"7":{"start":{"line":22,"column":8},"end":{"line":24,"column":16}},"8":{"start":{"line":23,"column":12},"end":{"line":23,"column":29}},"9":{"start":{"line":25,"column":8},"end":{"line":25,"column":17}},"10":{"start":{"line":28,"column":8},"end":{"line":28,"column":32}},"11":{"start":{"line":32,"column":24},"end":{"line":32,"column":34}},"12":{"start":{"line":33,"column":49},"end":{"line":33,"column":64}},"13":{"start":{"line":34,"column":8},"end":{"line":51,"column":9}}},"fnMap":{"0":{"name":"(anonymous_0)","decl":{"start":{"line":5,"column":4},"end":{"line":5,"column":5}},"loc":{"start":{"line":5,"column":23},"end":{"line":11,"column":5}},"line":5},"1":{"name":"(anonymous_1)","decl":{"start":{"line":13,"column":4},"end":{"line":13,"column":5}},"loc":{"start":{"line":13,"column":24},"end":{"line":26,"column":5}},"line":13},"2":{"name":"(anonymous_2)","decl":{"start":{"line":14,"column":24},"end":{"line":14,"column":25}},"loc":{"start":{"line":14,"column":36},"end":{"line":20,"column":9}},"line":14},"3":{"name":"(anonymous_3)","decl":{"start":{"line":22,"column":32},"end":{"line":22,"column":33}},"loc":{"start":{"line":22,"column":38},"end":{"line":24,"column":9}},"line":22},"4":{"name":"(anonymous_4)","decl":{"start":{"line":27,"column":4},"end":{"line":27,"column":5}},"loc":{"start":{"line":27,"column":27},"end":{"line":29,"column":5}},"line":27},"5":{"name":"(anonymous_5)","decl":{"start":{"line":31,"column":4},"end":{"line":31,"column":5}},"loc":{"start":{"line":31,"column":13},"end":{"line":52,"column":5}},"line":31}},"branchMap":{},"s":{"0":5,"1":4,"2":4,"3":4,"4":4,"5":4,"6":4,"7":4,"8":0,"9":4,"10":4,"11":4,"12":4,"13":4},"f":{"0":5,"1":4,"2":4,"3":0,"4":4,"5":4},"b":{},"_coverageSchema":"1a1c01bbd47fc00a2c39e90264f33305004495a9","hash":"0a71eda2c4e816b885720c2fb0cedcd7ab32afd9"}
,"C:\\Users\\zaidm\\OneDrive\\Desktop\\All-Pojects\\Food-App\\src\\Component\\Header.js": {"path":"C:\\Users\\zaidm\\OneDrive\\Desktop\\All-Pojects\\Food-App\\src\\Component\\Header.js","statementMap":{"0":{"start":{"line":7,"column":15},"end":{"line":68,"column":1}},"1":{"start":{"line":9,"column":34},"end":{"line":9,"column":51}},"2":{"start":{"line":10,"column":17},"end":{"line":10,"column":28}},"3":{"start":{"line":12,"column":20},"end":{"line":14,"column":3}},"4":{"start":{"line":13,"column":4},"end":{"line":13,"column":59}},"5":{"start":{"line":17,"column":19},"end":{"line":17,"column":58}},"6":{"start":{"line":17,"column":42},"end":{"line":17,"column":57}},"7":{"start":{"line":19,"column":2},"end":{"line":67,"column":4}},"8":{"start":{"line":58,"column":27},"end":{"line":58,"column":65}}},"fnMap":{"0":{"name":"(anonymous_0)","decl":{"start":{"line":7,"column":15},"end":{"line":7,"column":16}},"loc":{"start":{"line":7,"column":21},"end":{"line":68,"column":1}},"line":7},"1":{"name":"(anonymous_1)","decl":{"start":{"line":12,"column":20},"end":{"line":12,"column":21}},"loc":{"start":{"line":12,"column":26},"end":{"line":14,"column":3}},"line":12},"2":{"name":"(anonymous_2)","decl":{"start":{"line":17,"column":31},"end":{"line":17,"column":32}},"loc":{"start":{"line":17,"column":42},"end":{"line":17,"column":57}},"line":17},"3":{"name":"(anonymous_3)","decl":{"start":{"line":58,"column":21},"end":{"line":58,"column":22}},"loc":{"start":{"line":58,"column":27},"end":{"line":58,"column":65}},"line":58}},"branchMap":{"0":{"loc":{"start":{"line":13,"column":16},"end":{"line":13,"column":57}},"type":"cond-expr","locations":[{"start":{"line":13,"column":39},"end":{"line":13,"column":47}},{"start":{"line":13,"column":50},"end":{"line":13,"column":57}}],"line":13},"1":{"loc":{"start":{"line":36,"column":36},"end":{"line":36,"column":56}},"type":"cond-expr","locations":[{"start":{"line":36,"column":45},"end":{"line":36,"column":49}},{"start":{"line":36,"column":52},"end":{"line":36,"column":56}}],"line":36}},"s":{"0":2,"1":4,"2":4,"3":4,"4":0,"5":4,"6":8,"7":4,"8":0},"f":{"0":4,"1":0,"2":8,"3":0},"b":{"0":[0,0],"1":[4,0]},"_coverageSchema":"1a1c01bbd47fc00a2c39e90264f33305004495a9","hash":"5d3f3af6afdb810bb46358eca062d64666171560"}
,"C:\\Users\\zaidm\\OneDrive\\Desktop\\All-Pojects\\Food-App\\src\\Component\\Shimmer.js": {"path":"C:\\Users\\zaidm\\OneDrive\\Desktop\\All-Pojects\\Food-App\\src\\Component\\Shimmer.js","statementMap":{"0":{"start":{"line":4,"column":2},"end":{"line":39,"column":4}},"1":{"start":{"line":7,"column":8},"end":{"line":36,"column":14}}},"fnMap":{"0":{"name":"Shimmer","decl":{"start":{"line":3,"column":9},"end":{"line":3,"column":16}},"loc":{"start":{"line":3,"column":19},"end":{"line":40,"column":1}},"line":3},"1":{"name":"(anonymous_1)","decl":{"start":{"line":6,"column":30},"end":{"line":6,"column":31}},"loc":{"start":{"line":7,"column":8},"end":{"line":36,"column":14}},"line":7}},"branchMap":{},"s":{"0":4,"1":40},"f":{"0":4,"1":40},"b":{},"_coverageSchema":"1a1c01bbd47fc00a2c39e90264f33305004495a9","hash":"0f3ecf3edc01e33bde9f8298593cb84a2f952452"}
,"C:\\Users\\zaidm\\OneDrive\\Desktop\\All-Pojects\\Food-App\\src\\Component\\Usercontext.js": {"path":"C:\\Users\\zaidm\\OneDrive\\Desktop\\All-Pojects\\Food-App\\src\\Component\\Usercontext.js","statementMap":{"0":{"start":{"line":3,"column":17},"end":{"line":5,"column":2}}},"fnMap":{},"branchMap":{},"s":{"0":3},"f":{},"b":{},"_coverageSchema":"1a1c01bbd47fc00a2c39e90264f33305004495a9","hash":"4da7c5b39b67243f6410a5cc758ea45c53639844"}
,"C:\\Users\\zaidm\\OneDrive\\Desktop\\All-Pojects\\Food-App\\src\\Component\\sum.js": {"path":"C:\\Users\\zaidm\\OneDrive\\Desktop\\All-Pojects\\Food-App\\src\\Component\\sum.js","statementMap":{"0":{"start":{"line":1,"column":12},"end":{"line":3,"column":1}},"1":{"start":{"line":2,"column":3},"end":{"line":2,"column":15}}},"fnMap":{"0":{"name":"(anonymous_0)","decl":{"start":{"line":1,"column":12},"end":{"line":1,"column":13}},"loc":{"start":{"line":1,"column":22},"end":{"line":3,"column":1}},"line":1}},"branchMap":{},"s":{"0":1,"1":1},"f":{"0":1},"b":{},"_coverageSchema":"1a1c01bbd47fc00a2c39e90264f33305004495a9","hash":"e3f583a3e28e24e98c7a85e94d9af9cb93323a30"}
,"C:\\Users\\zaidm\\OneDrive\\Desktop\\All-Pojects\\Food-App\\src\\Component\\useRecipes.js": {"path":"C:\\Users\\zaidm\\OneDrive\\Desktop\\All-Pojects\\Food-App\\src\\Component\\useRecipes.js","statementMap":{"0":{"start":{"line":3,"column":16},"end":{"line":16,"column":1}},"1":{"start":{"line":4,"column":28},"end":{"line":4,"column":42}},"2":{"start":{"line":6,"column":4},"end":{"line":13,"column":11}},"3":{"start":{"line":7,"column":26},"end":{"line":11,"column":9}},"4":{"start":{"line":8,"column":24},"end":{"line":8,"column":68}},"5":{"start":{"line":9,"column":28},"end":{"line":9,"column":44}},"6":{"start":{"line":10,"column":12},"end":{"line":10,"column":29}},"7":{"start":{"line":12,"column":8},"end":{"line":12,"column":20}},"8":{"start":{"line":15,"column":4},"end":{"line":15,"column":16}}},"fnMap":{"0":{"name":"(anonymous_0)","decl":{"start":{"line":3,"column":16},"end":{"line":3,"column":17}},"loc":{"start":{"line":3,"column":22},"end":{"line":16,"column":1}},"line":3},"1":{"name":"(anonymous_1)","decl":{"start":{"line":6,"column":14},"end":{"line":6,"column":15}},"loc":{"start":{"line":6,"column":20},"end":{"line":13,"column":5}},"line":6},"2":{"name":"(anonymous_2)","decl":{"start":{"line":7,"column":26},"end":{"line":7,"column":27}},"loc":{"start":{"line":7,"column":38},"end":{"line":11,"column":9}},"line":7}},"branchMap":{},"s":{"0":2,"1":4,"2":4,"3":2,"4":2,"5":2,"6":2,"7":2,"8":4},"f":{"0":4,"1":2,"2":2},"b":{},"_coverageSchema":"1a1c01bbd47fc00a2c39e90264f33305004495a9","hash":"8cc6fcc0a4948a7e565fa9b3461ee08c0f9db191"}
,"C:\\Users\\zaidm\\OneDrive\\Desktop\\All-Pojects\\Food-App\\src\\utils\\Constants.js": {"path":"C:\\Users\\zaidm\\OneDrive\\Desktop\\All-Pojects\\Food-App\\src\\utils\\Constants.js","statementMap":{"0":{"start":{"line":1,"column":18},"end":{"line":1,"column":110}}},"fnMap":{},"branchMap":{},"s":{"0":2},"f":{},"b":{},"_coverageSchema":"1a1c01bbd47fc00a2c39e90264f33305004495a9","hash":"f8afb02f62979f2529b2cafde9cd9b54a38d5503"}
,"C:\\Users\\zaidm\\OneDrive\\Desktop\\All-Pojects\\Food-App\\src\\utils\\Store.js": {"path":"C:\\Users\\zaidm\\OneDrive\\Desktop\\All-Pojects\\Food-App\\src\\utils\\Store.js","statementMap":{"0":{"start":{"line":3,"column":17},"end":{"line":7,"column":2}}},"fnMap":{},"branchMap":{},"s":{"0":3},"f":{},"b":{},"_coverageSchema":"1a1c01bbd47fc00a2c39e90264f33305004495a9","hash":"68e95459b0ad8b74397816c7e362ccb7040a4ffe"}
,"C:\\Users\\zaidm\\OneDrive\\Desktop\\All-Pojects\\Food-App\\src\\utils\\cartSlice.js": {"path":"C:\\Users\\zaidm\\OneDrive\\Desktop\\All-Pojects\\Food-App\\src\\utils\\cartSlice.js","statementMap":{"0":{"start":{"line":3,"column":18},"end":{"line":46,"column":2}},"1":{"start":{"line":14,"column":27},"end":{"line":16,"column":7}},"2":{"start":{"line":15,"column":18},"end":{"line":15,"column":47}},"3":{"start":{"line":18,"column":6},"end":{"line":22,"column":7}},"4":{"start":{"line":19,"column":8},"end":{"line":19,"column":35}},"5":{"start":{"line":21,"column":8},"end":{"line":21,"column":60}},"6":{"start":{"line":27,"column":27},"end":{"line":29,"column":7}},"7":{"start":{"line":28,"column":18},"end":{"line":28,"column":44}},"8":{"start":{"line":31,"column":6},"end":{"line":37,"column":7}},"9":{"start":{"line":32,"column":8},"end":{"line":32,"column":35}},"10":{"start":{"line":34,"column":8},"end":{"line":36,"column":10}},"11":{"start":{"line":35,"column":20},"end":{"line":35,"column":46}},"12":{"start":{"line":42,"column":6},"end":{"line":42,"column":22}},"13":{"start":{"line":48,"column":50},"end":{"line":48,"column":67}}},"fnMap":{"0":{"name":"(anonymous_0)","decl":{"start":{"line":13,"column":13},"end":{"line":13,"column":14}},"loc":{"start":{"line":13,"column":32},"end":{"line":23,"column":5}},"line":13},"1":{"name":"(anonymous_1)","decl":{"start":{"line":15,"column":8},"end":{"line":15,"column":9}},"loc":{"start":{"line":15,"column":18},"end":{"line":15,"column":47}},"line":15},"2":{"name":"(anonymous_2)","decl":{"start":{"line":26,"column":16},"end":{"line":26,"column":17}},"loc":{"start":{"line":26,"column":35},"end":{"line":38,"column":5}},"line":26},"3":{"name":"(anonymous_3)","decl":{"start":{"line":28,"column":8},"end":{"line":28,"column":9}},"loc":{"start":{"line":28,"column":18},"end":{"line":28,"column":44}},"line":28},"4":{"name":"(anonymous_4)","decl":{"start":{"line":35,"column":10},"end":{"line":35,"column":11}},"loc":{"start":{"line":35,"column":20},"end":{"line":35,"column":46}},"line":35},"5":{"name":"(anonymous_5)","decl":{"start":{"line":41,"column":15},"end":{"line":41,"column":16}},"loc":{"start":{"line":41,"column":26},"end":{"line":43,"column":5}},"line":41}},"branchMap":{"0":{"loc":{"start":{"line":18,"column":6},"end":{"line":22,"column":7}},"type":"if","locations":[{"start":{"line":18,"column":6},"end":{"line":22,"column":7}},{"start":{"line":20,"column":13},"end":{"line":22,"column":7}}],"line":18},"1":{"loc":{"start":{"line":31,"column":6},"end":{"line":37,"column":7}},"type":"if","locations":[{"start":{"line":31,"column":6},"end":{"line":37,"column":7}},{"start":{"line":33,"column":13},"end":{"line":37,"column":7}}],"line":31},"2":{"loc":{"start":{"line":31,"column":10},"end":{"line":31,"column":51}},"type":"binary-expr","locations":[{"start":{"line":31,"column":10},"end":{"line":31,"column":22}},{"start":{"line":31,"column":26},"end":{"line":31,"column":51}}],"line":31}},"s":{"0":4,"1":1,"2":0,"3":1,"4":0,"5":1,"6":0,"7":0,"8":0,"9":0,"10":0,"11":0,"12":0,"13":4},"f":{"0":1,"1":0,"2":0,"3":0,"4":0,"5":0},"b":{"0":[0,1],"1":[0,0],"2":[0,0]},"_coverageSchema":"1a1c01bbd47fc00a2c39e90264f33305004495a9","hash":"849fdaaec058d371b6ff9adbf125effd955bc5b5"}
,"C:\\Users\\zaidm\\OneDrive\\Desktop\\All-Pojects\\Food-App\\src\\utils\\useOnline.js": {"path":"C:\\Users\\zaidm\\OneDrive\\Desktop\\All-Pojects\\Food-App\\src\\utils\\useOnline.js","statementMap":{"0":{"start":{"line":3,"column":18},"end":{"line":14,"column":1}},"1":{"start":{"line":4,"column":32},"end":{"line":4,"column":46}},"2":{"start":{"line":5,"column":4},"end":{"line":12,"column":10}},"3":{"start":{"line":6,"column":8},"end":{"line":8,"column":10}},"4":{"start":{"line":7,"column":12},"end":{"line":7,"column":27}},"5":{"start":{"line":9,"column":8},"end":{"line":11,"column":10}},"6":{"start":{"line":10,"column":12},"end":{"line":10,"column":28}},"7":{"start":{"line":13,"column":4},"end":{"line":13,"column":17}}},"fnMap":{"0":{"name":"(anonymous_0)","decl":{"start":{"line":3,"column":18},"end":{"line":3,"column":19}},"loc":{"start":{"line":3,"column":24},"end":{"line":14,"column":1}},"line":3},"1":{"name":"(anonymous_1)","decl":{"start":{"line":5,"column":14},"end":{"line":5,"column":15}},"loc":{"start":{"line":5,"column":20},"end":{"line":12,"column":5}},"line":5},"2":{"name":"(anonymous_2)","decl":{"start":{"line":6,"column":42},"end":{"line":6,"column":43}},"loc":{"start":{"line":6,"column":48},"end":{"line":8,"column":9}},"line":6},"3":{"name":"(anonymous_3)","decl":{"start":{"line":9,"column":43},"end":{"line":9,"column":44}},"loc":{"start":{"line":9,"column":49},"end":{"line":11,"column":9}},"line":9}},"branchMap":{},"s":{"0":2,"1":4,"2":4,"3":3,"4":0,"5":3,"6":0,"7":4},"f":{"0":4,"1":3,"2":0,"3":0},"b":{},"_coverageSchema":"1a1c01bbd47fc00a2c39e90264f33305004495a9","hash":"593aef1c9bd4097e9a45ac434e2f6554165ce530"}
}
