{"C:\\Users\\zaidm\\OneDrive\\Desktop\\All-Pojects\\Food-App\\src\\Component\\Cart.js": {"path":"C:\\Users\\zaidm\\OneDrive\\Desktop\\All-Pojects\\Food-App\\src\\Component\\Cart.js","statementMap":{"0":{"start":{"line":11,"column":20},"end":{"line":65,"column":1}},"1":{"start":{"line":12,"column":23},"end":{"line":12,"column":43}},"2":{"start":{"line":13,"column":21},"end":{"line":13,"column":44}},"3":{"start":{"line":14,"column":19},"end":{"line":14,"column":32}},"4":{"start":{"line":17,"column":4},"end":{"line":17,"column":27}},"5":{"start":{"line":21,"column":2},"end":{"line":64,"column":4}},"6":{"start":{"line":53,"column":123},"end":{"line":53,"column":140}},"7":{"start":{"line":67,"column":27},"end":{"line":67,"column":58}},"8":{"start":{"line":69,"column":13},"end":{"line":161,"column":1}},"9":{"start":{"line":70,"column":34},"end":{"line":70,"column":46}},"10":{"start":{"line":71,"column":44},"end":{"line":71,"column":56}},"11":{"start":{"line":72,"column":36},"end":{"line":72,"column":48}},"12":{"start":{"line":73,"column":19},"end":{"line":73,"column":30}},"13":{"start":{"line":75,"column":2},"end":{"line":80,"column":17}},"14":{"start":{"line":76,"column":4},"end":{"line":79,"column":5}},"15":{"start":{"line":77,"column":6},"end":{"line":77,"column":36}},"16":{"start":{"line":78,"column":6},"end":{"line":78,"column":41}},"17":{"start":{"line":82,"column":23},"end":{"line":87,"column":3}},"18":{"start":{"line":83,"column":21},"end":{"line":85,"column":5}},"19":{"start":{"line":84,"column":13},"end":{"line":84,"column":28}},"20":{"start":{"line":86,"column":4},"end":{"line":86,"column":26}},"21":{"start":{"line":89,"column":20},"end":{"line":94,"column":3}},"22":{"start":{"line":90,"column":21},"end":{"line":92,"column":5}},"23":{"start":{"line":91,"column":13},"end":{"line":91,"column":40}},"24":{"start":{"line":93,"column":4},"end":{"line":93,"column":26}},"25":{"start":{"line":96,"column":21},"end":{"line":101,"column":3}},"26":{"start":{"line":97,"column":21},"end":{"line":99,"column":5}},"27":{"start":{"line":98,"column":6},"end":{"line":98,"column":60}},"28":{"start":{"line":100,"column":4},"end":{"line":100,"column":26}},"29":{"start":{"line":106,"column":2},"end":{"line":160,"column":4}},"30":{"start":{"line":133,"column":27},"end":{"line":133,"column":55}},"31":{"start":{"line":150,"column":12},"end":{"line":155,"column":19}}},"fnMap":{"0":{"name":"(anonymous_0)","decl":{"start":{"line":11,"column":20},"end":{"line":11,"column":21}},"loc":{"start":{"line":11,"column":34},"end":{"line":65,"column":1}},"line":11},"1":{"name":"cartHandler","decl":{"start":{"line":16,"column":11},"end":{"line":16,"column":22}},"loc":{"start":{"line":16,"column":29},"end":{"line":18,"column":3}},"line":16},"2":{"name":"(anonymous_2)","decl":{"start":{"line":53,"column":117},"end":{"line":53,"column":118}},"loc":{"start":{"line":53,"column":123},"end":{"line":53,"column":140}},"line":53},"3":{"name":"(anonymous_3)","decl":{"start":{"line":69,"column":13},"end":{"line":69,"column":14}},"loc":{"start":{"line":69,"column":19},"end":{"line":161,"column":1}},"line":69},"4":{"name":"(anonymous_4)","decl":{"start":{"line":75,"column":12},"end":{"line":75,"column":13}},"loc":{"start":{"line":75,"column":18},"end":{"line":80,"column":3}},"line":75},"5":{"name":"(anonymous_5)","decl":{"start":{"line":82,"column":23},"end":{"line":82,"column":24}},"loc":{"start":{"line":82,"column":29},"end":{"line":87,"column":3}},"line":82},"6":{"name":"(anonymous_6)","decl":{"start":{"line":84,"column":6},"end":{"line":84,"column":7}},"loc":{"start":{"line":84,"column":13},"end":{"line":84,"column":28}},"line":84},"7":{"name":"(anonymous_7)","decl":{"start":{"line":89,"column":20},"end":{"line":89,"column":21}},"loc":{"start":{"line":89,"column":26},"end":{"line":94,"column":3}},"line":89},"8":{"name":"(anonymous_8)","decl":{"start":{"line":91,"column":6},"end":{"line":91,"column":7}},"loc":{"start":{"line":91,"column":13},"end":{"line":91,"column":40}},"line":91},"9":{"name":"(anonymous_9)","decl":{"start":{"line":96,"column":21},"end":{"line":96,"column":22}},"loc":{"start":{"line":96,"column":27},"end":{"line":101,"column":3}},"line":96},"10":{"name":"(anonymous_10)","decl":{"start":{"line":97,"column":42},"end":{"line":97,"column":43}},"loc":{"start":{"line":98,"column":6},"end":{"line":98,"column":60}},"line":98},"11":{"name":"(anonymous_11)","decl":{"start":{"line":133,"column":20},"end":{"line":133,"column":21}},"loc":{"start":{"line":133,"column":27},"end":{"line":133,"column":55}},"line":133},"12":{"name":"(anonymous_12)","decl":{"start":{"line":149,"column":24},"end":{"line":149,"column":25}},"loc":{"start":{"line":150,"column":12},"end":{"line":155,"column":19}},"line":150}},"branchMap":{"0":{"loc":{"start":{"line":34,"column":11},"end":{"line":34,"column":43}},"type":"binary-expr","locations":[{"start":{"line":34,"column":11},"end":{"line":34,"column":34}},{"start":{"line":34,"column":38},"end":{"line":34,"column":43}}],"line":34},"1":{"loc":{"start":{"line":76,"column":4},"end":{"line":79,"column":5}},"type":"if","locations":[{"start":{"line":76,"column":4},"end":{"line":79,"column":5}},{"start":{},"end":{}}],"line":76},"2":{"loc":{"start":{"line":145,"column":7},"end":{"line":158,"column":7}},"type":"cond-expr","locations":[{"start":{"line":146,"column":8},"end":{"line":146,"column":19}},{"start":{"line":148,"column":8},"end":{"line":157,"column":14}}],"line":145}},"s":{"0":2,"1":1,"2":1,"3":1,"4":0,"5":1,"6":0,"7":2,"8":2,"9":3,"10":3,"11":3,"12":3,"13":3,"14":2,"15":1,"16":1,"17":3,"18":0,"19":0,"20":0,"21":3,"22":0,"23":0,"24":0,"25":3,"26":0,"27":0,"28":0,"29":3,"30":0,"31":1},"f":{"0":1,"1":0,"2":0,"3":3,"4":2,"5":0,"6":0,"7":0,"8":0,"9":0,"10":0,"11":0,"12":1},"b":{"0":[1,0],"1":[1,1],"2":[2,1]},"_coverageSchema":"1a1c01bbd47fc00a2c39e90264f33305004495a9","hash":"ebbd0f9a55f160d98fa2f8b16bfaa1afd7b4bb9b"}
,"C:\\Users\\zaidm\\OneDrive\\Desktop\\All-Pojects\\Food-App\\src\\Component\\Cartwithdifficulty.js": {"path":"C:\\Users\\zaidm\\OneDrive\\Desktop\\All-Pojects\\Food-App\\src\\Component\\Cartwithdifficulty.js","statementMap":{"0":{"start":{"line":1,"column":27},"end":{"line":13,"column":1}},"1":{"start":{"line":2,"column":36},"end":{"line":11,"column":5}},"2":{"start":{"line":3,"column":8},"end":{"line":10,"column":9}},"3":{"start":{"line":12,"column":4},"end":{"line":12,"column":35}}},"fnMap":{"0":{"name":"(anonymous_0)","decl":{"start":{"line":1,"column":27},"end":{"line":1,"column":28}},"loc":{"start":{"line":1,"column":37},"end":{"line":13,"column":1}},"line":1},"1":{"name":"(anonymous_1)","decl":{"start":{"line":2,"column":36},"end":{"line":2,"column":37}},"loc":{"start":{"line":2,"column":47},"end":{"line":11,"column":5}},"line":2}},"branchMap":{},"s":{"0":2,"1":2,"2":1,"3":2},"f":{"0":2,"1":1},"b":{},"_coverageSchema":"1a1c01bbd47fc00a2c39e90264f33305004495a9","hash":"0ce7a2e8482917fc0fa93a5c90a7237b3a64fbd2"}
,"C:\\Users\\zaidm\\OneDrive\\Desktop\\All-Pojects\\Food-App\\src\\Component\\Contact.js": {"path":"C:\\Users\\zaidm\\OneDrive\\Desktop\\All-Pojects\\Food-App\\src\\Component\\Contact.js","statementMap":{"0":{"start":{"line":6,"column":8},"end":{"line":6,"column":20}},"1":{"start":{"line":7,"column":8},"end":{"line":9,"column":9}},"2":{"start":{"line":14,"column":24},"end":{"line":20,"column":9}},"3":{"start":{"line":15,"column":30},"end":{"line":15,"column":81}},"4":{"start":{"line":16,"column":29},"end":{"line":16,"column":51}},"5":{"start":{"line":17,"column":12},"end":{"line":17,"column":45}},"6":{"start":{"line":21,"column":16},"end":{"line":21,"column":17}},"7":{"start":{"line":22,"column":8},"end":{"line":24,"column":16}},"8":{"start":{"line":23,"column":12},"end":{"line":23,"column":29}},"9":{"start":{"line":25,"column":8},"end":{"line":25,"column":17}},"10":{"start":{"line":28,"column":8},"end":{"line":28,"column":32}},"11":{"start":{"line":32,"column":24},"end":{"line":32,"column":34}},"12":{"start":{"line":33,"column":49},"end":{"line":33,"column":64}},"13":{"start":{"line":34,"column":8},"end":{"line":51,"column":9}}},"fnMap":{"0":{"name":"(anonymous_0)","decl":{"start":{"line":5,"column":4},"end":{"line":5,"column":5}},"loc":{"start":{"line":5,"column":23},"end":{"line":11,"column":5}},"line":5},"1":{"name":"(anonymous_1)","decl":{"start":{"line":13,"column":4},"end":{"line":13,"column":5}},"loc":{"start":{"line":13,"column":24},"end":{"line":26,"column":5}},"line":13},"2":{"name":"(anonymous_2)","decl":{"start":{"line":14,"column":24},"end":{"line":14,"column":25}},"loc":{"start":{"line":14,"column":36},"end":{"line":20,"column":9}},"line":14},"3":{"name":"(anonymous_3)","decl":{"start":{"line":22,"column":32},"end":{"line":22,"column":33}},"loc":{"start":{"line":22,"column":38},"end":{"line":24,"column":9}},"line":22},"4":{"name":"(anonymous_4)","decl":{"start":{"line":27,"column":4},"end":{"line":27,"column":5}},"loc":{"start":{"line":27,"column":27},"end":{"line":29,"column":5}},"line":27},"5":{"name":"(anonymous_5)","decl":{"start":{"line":31,"column":4},"end":{"line":31,"column":5}},"loc":{"start":{"line":31,"column":13},"end":{"line":52,"column":5}},"line":31}},"branchMap":{},"s":{"0":5,"1":4,"2":4,"3":4,"4":4,"5":4,"6":4,"7":4,"8":0,"9":4,"10":4,"11":4,"12":4,"13":4},"f":{"0":5,"1":4,"2":4,"3":0,"4":4,"5":4},"b":{},"_coverageSchema":"1a1c01bbd47fc00a2c39e90264f33305004495a9","hash":"0a71eda2c4e816b885720c2fb0cedcd7ab32afd9"}
,"C:\\Users\\zaidm\\OneDrive\\Desktop\\All-Pojects\\Food-App\\src\\Component\\Header.js": {"path":"C:\\Users\\zaidm\\OneDrive\\Desktop\\All-Pojects\\Food-App\\src\\Component\\Header.js","statementMap":{"0":{"start":{"line":7,"column":15},"end":{"line":52,"column":1}},"1":{"start":{"line":9,"column":34},"end":{"line":9,"column":51}},"2":{"start":{"line":10,"column":17},"end":{"line":10,"column":28}},"3":{"start":{"line":11,"column":20},"end":{"line":17,"column":3}},"4":{"start":{"line":12,"column":4},"end":{"line":16,"column":5}},"5":{"start":{"line":13,"column":6},"end":{"line":13,"column":28}},"6":{"start":{"line":15,"column":6},"end":{"line":15,"column":27}},"7":{"start":{"line":19,"column":17},"end":{"line":19,"column":54}},"8":{"start":{"line":19,"column":39},"end":{"line":19,"column":53}},"9":{"start":{"line":22,"column":2},"end":{"line":51,"column":4}},"10":{"start":{"line":44,"column":12},"end":{"line":44,"column":51}}},"fnMap":{"0":{"name":"(anonymous_0)","decl":{"start":{"line":7,"column":15},"end":{"line":7,"column":16}},"loc":{"start":{"line":7,"column":21},"end":{"line":52,"column":1}},"line":7},"1":{"name":"(anonymous_1)","decl":{"start":{"line":11,"column":20},"end":{"line":11,"column":21}},"loc":{"start":{"line":11,"column":26},"end":{"line":17,"column":3}},"line":11},"2":{"name":"(anonymous_2)","decl":{"start":{"line":19,"column":29},"end":{"line":19,"column":30}},"loc":{"start":{"line":19,"column":39},"end":{"line":19,"column":53}},"line":19},"3":{"name":"(anonymous_3)","decl":{"start":{"line":43,"column":27},"end":{"line":43,"column":28}},"loc":{"start":{"line":43,"column":33},"end":{"line":45,"column":11}},"line":43}},"branchMap":{"0":{"loc":{"start":{"line":12,"column":4},"end":{"line":16,"column":5}},"type":"if","locations":[{"start":{"line":12,"column":4},"end":{"line":16,"column":5}},{"start":{"line":14,"column":11},"end":{"line":16,"column":5}}],"line":12},"1":{"loc":{"start":{"line":34,"column":38},"end":{"line":34,"column":58}},"type":"cond-expr","locations":[{"start":{"line":34,"column":47},"end":{"line":34,"column":51}},{"start":{"line":34,"column":54},"end":{"line":34,"column":58}}],"line":34}},"s":{"0":1,"1":2,"2":2,"3":2,"4":0,"5":0,"6":0,"7":2,"8":4,"9":2,"10":0},"f":{"0":2,"1":0,"2":4,"3":0},"b":{"0":[0,0],"1":[2,0]},"_coverageSchema":"1a1c01bbd47fc00a2c39e90264f33305004495a9","hash":"3110bcaa896b482bc6a28967bd50b6dd41bed130"}
,"C:\\Users\\zaidm\\OneDrive\\Desktop\\All-Pojects\\Food-App\\src\\Component\\Shimmer.js": {"path":"C:\\Users\\zaidm\\OneDrive\\Desktop\\All-Pojects\\Food-App\\src\\Component\\Shimmer.js","statementMap":{"0":{"start":{"line":4,"column":2},"end":{"line":39,"column":4}},"1":{"start":{"line":7,"column":8},"end":{"line":36,"column":14}}},"fnMap":{"0":{"name":"Shimmer","decl":{"start":{"line":3,"column":9},"end":{"line":3,"column":16}},"loc":{"start":{"line":3,"column":19},"end":{"line":40,"column":1}},"line":3},"1":{"name":"(anonymous_1)","decl":{"start":{"line":6,"column":30},"end":{"line":6,"column":31}},"loc":{"start":{"line":7,"column":8},"end":{"line":36,"column":14}},"line":7}},"branchMap":{},"s":{"0":2,"1":20},"f":{"0":2,"1":20},"b":{},"_coverageSchema":"1a1c01bbd47fc00a2c39e90264f33305004495a9","hash":"0f3ecf3edc01e33bde9f8298593cb84a2f952452"}
,"C:\\Users\\zaidm\\OneDrive\\Desktop\\All-Pojects\\Food-App\\src\\Component\\Usercontext.js": {"path":"C:\\Users\\zaidm\\OneDrive\\Desktop\\All-Pojects\\Food-App\\src\\Component\\Usercontext.js","statementMap":{"0":{"start":{"line":3,"column":17},"end":{"line":5,"column":2}}},"fnMap":{},"branchMap":{},"s":{"0":2},"f":{},"b":{},"_coverageSchema":"1a1c01bbd47fc00a2c39e90264f33305004495a9","hash":"4da7c5b39b67243f6410a5cc758ea45c53639844"}
,"C:\\Users\\zaidm\\OneDrive\\Desktop\\All-Pojects\\Food-App\\src\\Component\\sum.js": {"path":"C:\\Users\\zaidm\\OneDrive\\Desktop\\All-Pojects\\Food-App\\src\\Component\\sum.js","statementMap":{"0":{"start":{"line":1,"column":12},"end":{"line":3,"column":1}},"1":{"start":{"line":2,"column":3},"end":{"line":2,"column":15}}},"fnMap":{"0":{"name":"(anonymous_0)","decl":{"start":{"line":1,"column":12},"end":{"line":1,"column":13}},"loc":{"start":{"line":1,"column":22},"end":{"line":3,"column":1}},"line":1}},"branchMap":{},"s":{"0":1,"1":1},"f":{"0":1},"b":{},"_coverageSchema":"1a1c01bbd47fc00a2c39e90264f33305004495a9","hash":"e3f583a3e28e24e98c7a85e94d9af9cb93323a30"}
,"C:\\Users\\zaidm\\OneDrive\\Desktop\\All-Pojects\\Food-App\\src\\Component\\useRecipes.js": {"path":"C:\\Users\\zaidm\\OneDrive\\Desktop\\All-Pojects\\Food-App\\src\\Component\\useRecipes.js","statementMap":{"0":{"start":{"line":3,"column":16},"end":{"line":16,"column":1}},"1":{"start":{"line":4,"column":28},"end":{"line":4,"column":42}},"2":{"start":{"line":6,"column":4},"end":{"line":13,"column":11}},"3":{"start":{"line":7,"column":26},"end":{"line":11,"column":9}},"4":{"start":{"line":8,"column":24},"end":{"line":8,"column":68}},"5":{"start":{"line":9,"column":28},"end":{"line":9,"column":44}},"6":{"start":{"line":10,"column":12},"end":{"line":10,"column":29}},"7":{"start":{"line":12,"column":8},"end":{"line":12,"column":20}},"8":{"start":{"line":15,"column":4},"end":{"line":15,"column":16}}},"fnMap":{"0":{"name":"(anonymous_0)","decl":{"start":{"line":3,"column":16},"end":{"line":3,"column":17}},"loc":{"start":{"line":3,"column":22},"end":{"line":16,"column":1}},"line":3},"1":{"name":"(anonymous_1)","decl":{"start":{"line":6,"column":14},"end":{"line":6,"column":15}},"loc":{"start":{"line":6,"column":20},"end":{"line":13,"column":5}},"line":6},"2":{"name":"(anonymous_2)","decl":{"start":{"line":7,"column":26},"end":{"line":7,"column":27}},"loc":{"start":{"line":7,"column":38},"end":{"line":11,"column":9}},"line":7}},"branchMap":{},"s":{"0":1,"1":1,"2":1,"3":1,"4":1,"5":1,"6":1,"7":1,"8":1},"f":{"0":1,"1":1,"2":1},"b":{},"_coverageSchema":"1a1c01bbd47fc00a2c39e90264f33305004495a9","hash":"8cc6fcc0a4948a7e565fa9b3461ee08c0f9db191"}
,"C:\\Users\\zaidm\\OneDrive\\Desktop\\All-Pojects\\Food-App\\src\\utils\\Constants.js": {"path":"C:\\Users\\zaidm\\OneDrive\\Desktop\\All-Pojects\\Food-App\\src\\utils\\Constants.js","statementMap":{"0":{"start":{"line":1,"column":18},"end":{"line":1,"column":110}}},"fnMap":{},"branchMap":{},"s":{"0":1},"f":{},"b":{},"_coverageSchema":"1a1c01bbd47fc00a2c39e90264f33305004495a9","hash":"f8afb02f62979f2529b2cafde9cd9b54a38d5503"}
,"C:\\Users\\zaidm\\OneDrive\\Desktop\\All-Pojects\\Food-App\\src\\utils\\Store.js": {"path":"C:\\Users\\zaidm\\OneDrive\\Desktop\\All-Pojects\\Food-App\\src\\utils\\Store.js","statementMap":{"0":{"start":{"line":3,"column":17},"end":{"line":7,"column":2}}},"fnMap":{},"branchMap":{},"s":{"0":2},"f":{},"b":{},"_coverageSchema":"1a1c01bbd47fc00a2c39e90264f33305004495a9","hash":"68e95459b0ad8b74397816c7e362ccb7040a4ffe"}
,"C:\\Users\\zaidm\\OneDrive\\Desktop\\All-Pojects\\Food-App\\src\\utils\\cartSlice.js": {"path":"C:\\Users\\zaidm\\OneDrive\\Desktop\\All-Pojects\\Food-App\\src\\utils\\cartSlice.js","statementMap":{"0":{"start":{"line":3,"column":18},"end":{"line":24,"column":2}},"1":{"start":{"line":10,"column":12},"end":{"line":10,"column":43}},"2":{"start":{"line":13,"column":12},"end":{"line":16,"column":13}},"3":{"start":{"line":14,"column":16},"end":{"line":14,"column":52}},"4":{"start":{"line":15,"column":16},"end":{"line":15,"column":22}},"5":{"start":{"line":18,"column":12},"end":{"line":18,"column":28}},"6":{"start":{"line":21,"column":12},"end":{"line":21,"column":33}},"7":{"start":{"line":26,"column":50},"end":{"line":26,"column":67}}},"fnMap":{"0":{"name":"(anonymous_0)","decl":{"start":{"line":9,"column":17},"end":{"line":9,"column":18}},"loc":{"start":{"line":9,"column":36},"end":{"line":11,"column":9}},"line":9},"1":{"name":"(anonymous_1)","decl":{"start":{"line":12,"column":20},"end":{"line":12,"column":21}},"loc":{"start":{"line":12,"column":39},"end":{"line":19,"column":9}},"line":12},"2":{"name":"(anonymous_2)","decl":{"start":{"line":20,"column":19},"end":{"line":20,"column":20}},"loc":{"start":{"line":20,"column":38},"end":{"line":22,"column":9}},"line":20}},"branchMap":{"0":{"loc":{"start":{"line":13,"column":12},"end":{"line":16,"column":13}},"type":"if","locations":[{"start":{"line":13,"column":12},"end":{"line":16,"column":13}},{"start":{},"end":{}}],"line":13}},"s":{"0":3,"1":0,"2":0,"3":0,"4":0,"5":0,"6":0,"7":3},"f":{"0":0,"1":0,"2":0},"b":{"0":[0,0]},"_coverageSchema":"1a1c01bbd47fc00a2c39e90264f33305004495a9","hash":"26e8bc351452153826eebaa62e31f31a9c480397"}
,"C:\\Users\\zaidm\\OneDrive\\Desktop\\All-Pojects\\Food-App\\src\\utils\\useOnline.js": {"path":"C:\\Users\\zaidm\\OneDrive\\Desktop\\All-Pojects\\Food-App\\src\\utils\\useOnline.js","statementMap":{"0":{"start":{"line":3,"column":18},"end":{"line":14,"column":1}},"1":{"start":{"line":4,"column":32},"end":{"line":4,"column":46}},"2":{"start":{"line":5,"column":4},"end":{"line":12,"column":10}},"3":{"start":{"line":6,"column":8},"end":{"line":8,"column":10}},"4":{"start":{"line":7,"column":12},"end":{"line":7,"column":27}},"5":{"start":{"line":9,"column":8},"end":{"line":11,"column":10}},"6":{"start":{"line":10,"column":12},"end":{"line":10,"column":28}},"7":{"start":{"line":13,"column":4},"end":{"line":13,"column":17}}},"fnMap":{"0":{"name":"(anonymous_0)","decl":{"start":{"line":3,"column":18},"end":{"line":3,"column":19}},"loc":{"start":{"line":3,"column":24},"end":{"line":14,"column":1}},"line":3},"1":{"name":"(anonymous_1)","decl":{"start":{"line":5,"column":14},"end":{"line":5,"column":15}},"loc":{"start":{"line":5,"column":20},"end":{"line":12,"column":5}},"line":5},"2":{"name":"(anonymous_2)","decl":{"start":{"line":6,"column":42},"end":{"line":6,"column":43}},"loc":{"start":{"line":6,"column":48},"end":{"line":8,"column":9}},"line":6},"3":{"name":"(anonymous_3)","decl":{"start":{"line":9,"column":43},"end":{"line":9,"column":44}},"loc":{"start":{"line":9,"column":49},"end":{"line":11,"column":9}},"line":9}},"branchMap":{},"s":{"0":1,"1":2,"2":2,"3":2,"4":0,"5":2,"6":0,"7":2},"f":{"0":2,"1":2,"2":0,"3":0},"b":{},"_coverageSchema":"1a1c01bbd47fc00a2c39e90264f33305004495a9","hash":"593aef1c9bd4097e9a45ac434e2f6554165ce530"}
}
