TN:
SF:src\Component\Cart.js
FN:11,(anonymous_0)
FN:16,cartHandler
FN:53,(anonymous_2)
FN:69,(anonymous_3)
FN:75,(anonymous_4)
FN:82,(anonymous_5)
FN:84,(anonymous_6)
FN:89,(anonymous_7)
FN:91,(anonymous_8)
FN:96,(anonymous_9)
FN:97,(anonymous_10)
FN:133,(anonymous_11)
FN:149,(anonymous_12)
FNF:13
FNH:4
FNDA:1,(anonymous_0)
FNDA:0,cartHandler
FNDA:0,(anonymous_2)
FNDA:3,(anonymous_3)
FNDA:2,(anonymous_4)
FNDA:0,(anonymous_5)
FNDA:0,(anonymous_6)
FNDA:0,(anonymous_7)
FNDA:0,(anonymous_8)
FNDA:0,(anonymous_9)
FNDA:0,(anonymous_10)
FNDA:0,(anonymous_11)
FNDA:1,(anonymous_12)
DA:11,2
DA:12,1
DA:13,1
DA:14,1
DA:17,0
DA:21,1
DA:53,0
DA:67,2
DA:69,2
DA:70,3
DA:71,3
DA:72,3
DA:73,3
DA:75,3
DA:76,2
DA:77,1
DA:78,1
DA:82,3
DA:83,0
DA:84,0
DA:86,0
DA:89,3
DA:90,0
DA:91,0
DA:93,0
DA:96,3
DA:97,0
DA:98,0
DA:100,0
DA:106,3
DA:133,0
DA:150,1
LF:32
LH:20
BRDA:34,0,0,1
BRDA:34,0,1,0
BRDA:76,1,0,1
BRDA:76,1,1,1
BRDA:145,2,0,2
BRDA:145,2,1,1
BRF:6
BRH:5
end_of_record
TN:
SF:src\Component\Cartwithdifficulty.js
FN:1,(anonymous_0)
FN:2,(anonymous_1)
FNF:2
FNH:2
FNDA:2,(anonymous_0)
FNDA:1,(anonymous_1)
DA:1,2
DA:2,2
DA:3,1
DA:12,2
LF:4
LH:4
BRF:0
BRH:0
end_of_record
TN:
SF:src\Component\Contact.js
FN:5,(anonymous_0)
FN:13,(anonymous_1)
FN:14,(anonymous_2)
FN:22,(anonymous_3)
FN:27,(anonymous_4)
FN:31,(anonymous_5)
FNF:6
FNH:5
FNDA:5,(anonymous_0)
FNDA:4,(anonymous_1)
FNDA:4,(anonymous_2)
FNDA:0,(anonymous_3)
FNDA:4,(anonymous_4)
FNDA:4,(anonymous_5)
DA:6,5
DA:7,4
DA:14,4
DA:15,4
DA:16,4
DA:17,4
DA:21,4
DA:22,4
DA:23,0
DA:25,4
DA:28,4
DA:32,4
DA:33,4
DA:34,4
LF:14
LH:13
BRF:0
BRH:0
end_of_record
TN:
SF:src\Component\Header.js
FN:7,(anonymous_0)
FN:11,(anonymous_1)
FN:19,(anonymous_2)
FN:43,(anonymous_3)
FNF:4
FNH:2
FNDA:2,(anonymous_0)
FNDA:0,(anonymous_1)
FNDA:4,(anonymous_2)
FNDA:0,(anonymous_3)
DA:7,1
DA:9,2
DA:10,2
DA:11,2
DA:12,0
DA:13,0
DA:15,0
DA:19,4
DA:22,2
DA:44,0
LF:10
LH:6
BRDA:12,0,0,0
BRDA:12,0,1,0
BRDA:34,1,0,2
BRDA:34,1,1,0
BRF:4
BRH:1
end_of_record
TN:
SF:src\Component\Shimmer.js
FN:3,Shimmer
FN:6,(anonymous_1)
FNF:2
FNH:2
FNDA:2,Shimmer
FNDA:20,(anonymous_1)
DA:4,2
DA:7,20
LF:2
LH:2
BRF:0
BRH:0
end_of_record
TN:
SF:src\Component\Usercontext.js
FNF:0
FNH:0
DA:3,2
LF:1
LH:1
BRF:0
BRH:0
end_of_record
TN:
SF:src\Component\sum.js
FN:1,(anonymous_0)
FNF:1
FNH:1
FNDA:1,(anonymous_0)
DA:1,1
DA:2,1
LF:2
LH:2
BRF:0
BRH:0
end_of_record
TN:
SF:src\Component\useRecipes.js
FN:3,(anonymous_0)
FN:6,(anonymous_1)
FN:7,(anonymous_2)
FNF:3
FNH:3
FNDA:1,(anonymous_0)
FNDA:1,(anonymous_1)
FNDA:1,(anonymous_2)
DA:3,1
DA:4,1
DA:6,1
DA:7,1
DA:8,1
DA:9,1
DA:10,1
DA:12,1
DA:15,1
LF:9
LH:9
BRF:0
BRH:0
end_of_record
TN:
SF:src\utils\Constants.js
FNF:0
FNH:0
DA:1,1
LF:1
LH:1
BRF:0
BRH:0
end_of_record
TN:
SF:src\utils\Store.js
FNF:0
FNH:0
DA:3,2
LF:1
LH:1
BRF:0
BRH:0
end_of_record
TN:
SF:src\utils\cartSlice.js
FN:9,(anonymous_0)
FN:12,(anonymous_1)
FN:20,(anonymous_2)
FNF:3
FNH:0
FNDA:0,(anonymous_0)
FNDA:0,(anonymous_1)
FNDA:0,(anonymous_2)
DA:3,3
DA:10,0
DA:13,0
DA:14,0
DA:15,0
DA:18,0
DA:21,0
DA:26,3
LF:8
LH:2
BRDA:13,0,0,0
BRDA:13,0,1,0
BRF:2
BRH:0
end_of_record
TN:
SF:src\utils\useOnline.js
FN:3,(anonymous_0)
FN:5,(anonymous_1)
FN:6,(anonymous_2)
FN:9,(anonymous_3)
FNF:4
FNH:2
FNDA:2,(anonymous_0)
FNDA:2,(anonymous_1)
FNDA:0,(anonymous_2)
FNDA:0,(anonymous_3)
DA:3,1
DA:4,2
DA:5,2
DA:6,2
DA:7,0
DA:9,2
DA:10,0
DA:13,2
LF:8
LH:6
BRF:0
BRH:0
end_of_record
