TN:
SF:src\Component\Cart.js
FN:11,(anonymous_0)
FN:19,(anonymous_1)
FN:62,(anonymous_2)
FN:83,(anonymous_3)
FN:92,(anonymous_4)
FN:100,(anonymous_5)
FN:102,(anonymous_6)
FN:108,(anonymous_7)
FN:110,(anonymous_8)
FN:116,(anonymous_9)
FN:117,(anonymous_10)
FN:150,(anonymous_11)
FN:167,(anonymous_12)
FNF:13
FNH:6
FNDA:31,(anonymous_0)
FNDA:1,(anonymous_1)
FNDA:1,(anonymous_2)
FNDA:6,(anonymous_3)
FNDA:4,(anonymous_4)
FNDA:0,(anonymous_5)
FNDA:0,(anonymous_6)
FNDA:0,(anonymous_7)
FNDA:0,(anonymous_8)
FNDA:0,(anonymous_9)
FNDA:0,(anonymous_10)
FNDA:0,(anonymous_11)
FNDA:31,(anonymous_12)
DA:11,3
DA:13,31
DA:15,31
DA:16,31
DA:17,31
DA:19,31
DA:20,1
DA:21,1
DA:24,31
DA:62,1
DA:79,3
DA:83,3
DA:85,6
DA:86,6
DA:87,6
DA:89,6
DA:92,6
DA:93,4
DA:94,2
DA:95,2
DA:100,6
DA:101,0
DA:102,0
DA:104,0
DA:108,6
DA:109,0
DA:110,0
DA:112,0
DA:116,6
DA:117,0
DA:118,0
DA:120,0
DA:123,6
DA:150,0
DA:168,31
LF:35
LH:25
BRDA:39,0,0,31
BRDA:39,0,1,6
BRDA:93,1,0,2
BRDA:93,1,1,2
BRDA:163,2,0,4
BRDA:163,2,1,2
BRF:6
BRH:6
end_of_record
TN:
SF:src\Component\Cartwithdifficulty.js
FN:1,(anonymous_0)
FN:2,(anonymous_1)
FNF:2
FNH:2
FNDA:3,(anonymous_0)
FNDA:31,(anonymous_1)
DA:1,3
DA:2,3
DA:3,31
DA:12,3
LF:4
LH:4
BRF:0
BRH:0
end_of_record
TN:
SF:src\Component\Contact.js
FN:5,(anonymous_0)
FN:13,(anonymous_1)
FN:14,(anonymous_2)
FN:22,(anonymous_3)
FN:27,(anonymous_4)
FN:31,(anonymous_5)
FNF:6
FNH:5
FNDA:5,(anonymous_0)
FNDA:4,(anonymous_1)
FNDA:4,(anonymous_2)
FNDA:0,(anonymous_3)
FNDA:4,(anonymous_4)
FNDA:4,(anonymous_5)
DA:6,5
DA:7,4
DA:14,4
DA:15,4
DA:16,4
DA:17,4
DA:21,4
DA:22,4
DA:23,0
DA:25,4
DA:28,4
DA:32,4
DA:33,4
DA:34,4
LF:14
LH:13
BRF:0
BRH:0
end_of_record
TN:
SF:src\Component\Header.js
FN:7,(anonymous_0)
FN:12,(anonymous_1)
FN:17,(anonymous_2)
FN:58,(anonymous_3)
FNF:4
FNH:2
FNDA:4,(anonymous_0)
FNDA:0,(anonymous_1)
FNDA:8,(anonymous_2)
FNDA:0,(anonymous_3)
DA:7,2
DA:9,4
DA:10,4
DA:12,4
DA:13,0
DA:17,8
DA:19,4
DA:58,0
LF:8
LH:6
BRDA:13,0,0,0
BRDA:13,0,1,0
BRDA:36,1,0,4
BRDA:36,1,1,0
BRF:4
BRH:1
end_of_record
TN:
SF:src\Component\Shimmer.js
FN:3,Shimmer
FN:6,(anonymous_1)
FNF:2
FNH:2
FNDA:4,Shimmer
FNDA:40,(anonymous_1)
DA:4,4
DA:7,40
LF:2
LH:2
BRF:0
BRH:0
end_of_record
TN:
SF:src\Component\Usercontext.js
FNF:0
FNH:0
DA:3,3
LF:1
LH:1
BRF:0
BRH:0
end_of_record
TN:
SF:src\Component\sum.js
FN:1,(anonymous_0)
FNF:1
FNH:1
FNDA:1,(anonymous_0)
DA:1,1
DA:2,1
LF:2
LH:2
BRF:0
BRH:0
end_of_record
TN:
SF:src\Component\useRecipes.js
FN:3,(anonymous_0)
FN:6,(anonymous_1)
FN:7,(anonymous_2)
FNF:3
FNH:3
FNDA:4,(anonymous_0)
FNDA:2,(anonymous_1)
FNDA:2,(anonymous_2)
DA:3,2
DA:4,4
DA:6,4
DA:7,2
DA:8,2
DA:9,2
DA:10,2
DA:12,2
DA:15,4
LF:9
LH:9
BRF:0
BRH:0
end_of_record
TN:
SF:src\utils\Constants.js
FNF:0
FNH:0
DA:1,2
LF:1
LH:1
BRF:0
BRH:0
end_of_record
TN:
SF:src\utils\Store.js
FNF:0
FNH:0
DA:3,3
LF:1
LH:1
BRF:0
BRH:0
end_of_record
TN:
SF:src\utils\cartSlice.js
FN:13,(anonymous_0)
FN:15,(anonymous_1)
FN:26,(anonymous_2)
FN:28,(anonymous_3)
FN:35,(anonymous_4)
FN:41,(anonymous_5)
FNF:6
FNH:1
FNDA:1,(anonymous_0)
FNDA:0,(anonymous_1)
FNDA:0,(anonymous_2)
FNDA:0,(anonymous_3)
FNDA:0,(anonymous_4)
FNDA:0,(anonymous_5)
DA:3,4
DA:14,1
DA:15,0
DA:18,1
DA:19,0
DA:21,1
DA:27,0
DA:28,0
DA:31,0
DA:32,0
DA:34,0
DA:35,0
DA:42,0
DA:48,4
LF:14
LH:5
BRDA:18,0,0,0
BRDA:18,0,1,1
BRDA:31,1,0,0
BRDA:31,1,1,0
BRDA:31,2,0,0
BRDA:31,2,1,0
BRF:6
BRH:1
end_of_record
TN:
SF:src\utils\useOnline.js
FN:3,(anonymous_0)
FN:5,(anonymous_1)
FN:6,(anonymous_2)
FN:9,(anonymous_3)
FNF:4
FNH:2
FNDA:4,(anonymous_0)
FNDA:3,(anonymous_1)
FNDA:0,(anonymous_2)
FNDA:0,(anonymous_3)
DA:3,2
DA:4,4
DA:5,4
DA:6,3
DA:7,0
DA:9,3
DA:10,0
DA:13,4
LF:8
LH:6
BRF:0
BRH:0
end_of_record
